\BOOKMARK [1][-]{section.1}{Introduction}{}% 1
\BOOKMARK [1][-]{section.2}{SIFT}{}% 2
\BOOKMARK [2][-]{subsection.2.1}{Introduction}{section.2}% 3
\BOOKMARK [2][-]{subsection.2.2}{Key Stages}{section.2}% 4
\BOOKMARK [2][-]{subsection.2.3}{Code Detailed Description}{section.2}% 5
\BOOKMARK [3][-]{subsubsection.2.3.1}{Creating the Difference of Gaussian Pyramid}{subsection.2.3}% 6
\BOOKMARK [3][-]{subsubsection.2.3.2}{Extrema Detection}{subsection.2.3}% 7
\BOOKMARK [3][-]{subsubsection.2.3.3}{Accurate keypoint location}{subsection.2.3}% 8
\BOOKMARK [3][-]{subsubsection.2.3.4}{Orientation assignment}{subsection.2.3}% 9
\BOOKMARK [3][-]{subsubsection.2.3.5}{Keypoint descriptor representation}{subsection.2.3}% 10
\BOOKMARK [1][-]{section.3}{SIFT MATCH \046 KDTREE}{}% 11
\BOOKMARK [2][-]{subsection.3.1}{SIFT MATCH}{section.3}% 12
\BOOKMARK [3][-]{subsubsection.3.1.1}{Load Training Datas}{subsection.3.1}% 13
\BOOKMARK [3][-]{subsubsection.3.1.2}{Build KD-TREE}{subsection.3.1}% 14
\BOOKMARK [3][-]{subsubsection.3.1.3}{Match}{subsection.3.1}% 15
\BOOKMARK [2][-]{subsection.3.2}{KD TREE}{section.3}% 16
\BOOKMARK [3][-]{subsubsection.3.2.1}{Build KD TREE}{subsection.3.2}% 17
\BOOKMARK [3][-]{subsubsection.3.2.2}{BBF SEARCH}{subsection.3.2}% 18
\BOOKMARK [1][-]{section.4}{Other source codes}{}% 19
\BOOKMARK [2][-]{subsection.4.1}{DEMO}{section.4}% 20
\BOOKMARK [3][-]{subsubsection.4.1.1}{camera}{subsection.4.1}% 21
\BOOKMARK [4][-]{subsubsubsection.4.1.1.1}{Init camera}{subsubsection.4.1.1}% 22
\BOOKMARK [4][-]{subsubsubsection.4.1.1.2}{Build template kd-tree}{subsubsection.4.1.1}% 23
\BOOKMARK [4][-]{subsubsubsection.4.1.1.3}{Get signal from camera}{subsubsection.4.1.1}% 24
\BOOKMARK [4][-]{subsubsubsection.4.1.1.4}{Face Detection}{subsubsection.4.1.1}% 25
\BOOKMARK [4][-]{subsubsubsection.4.1.1.5}{Face Recognition}{subsubsection.4.1.1}% 26
\BOOKMARK [3][-]{subsubsection.4.1.2}{kd\137demo}{subsection.4.1}% 27
\BOOKMARK [3][-]{subsubsection.4.1.3}{match2img}{subsection.4.1}% 28
\BOOKMARK [3][-]{subsubsection.4.1.4}{match2db}{subsection.4.1}% 29
\BOOKMARK [3][-]{subsubsection.4.1.5}{accuracyTest}{subsection.4.1}% 30
\BOOKMARK [2][-]{subsection.4.2}{Feature}{section.4}% 31
\BOOKMARK [2][-]{subsection.4.3}{ImageSet \046 ImgFileName}{section.4}% 32
\BOOKMARK [2][-]{subsection.4.4}{configures}{section.4}% 33
